mode: set
github.com/imotkin/avito-task/cmd/main.go:38.13,52.16 6 0
github.com/imotkin/avito-task/cmd/main.go:52.16,54.3 1 0
github.com/imotkin/avito-task/cmd/main.go:56.2,57.16 2 0
github.com/imotkin/avito-task/cmd/main.go:57.16,59.3 1 0
github.com/imotkin/avito-task/cmd/main.go:61.2,76.29 10 0
github.com/imotkin/avito-task/cmd/main.go:76.29,84.3 5 0
github.com/imotkin/avito-task/cmd/main.go:86.2,97.12 6 0
github.com/imotkin/avito-task/cmd/main.go:97.12,104.17 5 0
github.com/imotkin/avito-task/cmd/main.go:104.17,106.4 1 0
github.com/imotkin/avito-task/cmd/main.go:108.3,110.15 2 0
github.com/imotkin/avito-task/cmd/main.go:113.2,113.12 1 0
github.com/imotkin/avito-task/cmd/main.go:113.12,117.58 3 0
github.com/imotkin/avito-task/cmd/main.go:117.58,119.4 1 0
github.com/imotkin/avito-task/cmd/main.go:122.2,122.8 1 0
github.com/imotkin/avito-task/internal/config/config.go:18.39,23.2 1 0
github.com/imotkin/avito-task/internal/config/config.go:25.21,34.2 1 0
github.com/imotkin/avito-task/internal/database/database.go:27.56,29.16 2 0
github.com/imotkin/avito-task/internal/database/database.go:29.16,31.3 1 0
github.com/imotkin/avito-task/internal/database/database.go:33.2,34.16 2 0
github.com/imotkin/avito-task/internal/database/database.go:34.16,36.3 1 0
github.com/imotkin/avito-task/internal/database/database.go:38.2,38.35 1 0
github.com/imotkin/avito-task/internal/database/database.go:41.45,43.2 1 0
github.com/imotkin/avito-task/internal/database/database.go:45.93,49.16 2 0
github.com/imotkin/avito-task/internal/database/database.go:49.16,51.3 1 0
github.com/imotkin/avito-task/internal/database/database.go:52.2,60.16 4 0
github.com/imotkin/avito-task/internal/database/database.go:60.16,62.3 1 0
github.com/imotkin/avito-task/internal/database/database.go:64.2,67.16 2 0
github.com/imotkin/avito-task/internal/database/database.go:67.16,69.3 1 0
github.com/imotkin/avito-task/internal/database/database.go:71.2,77.16 2 0
github.com/imotkin/avito-task/internal/database/database.go:77.16,79.3 1 0
github.com/imotkin/avito-task/internal/database/database.go:81.2,82.16 2 0
github.com/imotkin/avito-task/internal/database/database.go:82.16,84.3 1 0
github.com/imotkin/avito-task/internal/database/database.go:86.2,86.12 1 0
github.com/imotkin/avito-task/internal/database/database.go:89.84,93.16 2 0
github.com/imotkin/avito-task/internal/database/database.go:93.16,95.3 1 0
github.com/imotkin/avito-task/internal/database/database.go:96.2,104.16 4 0
github.com/imotkin/avito-task/internal/database/database.go:104.16,106.3 1 0
github.com/imotkin/avito-task/internal/database/database.go:108.2,108.31 1 0
github.com/imotkin/avito-task/internal/database/database.go:108.31,110.3 1 0
github.com/imotkin/avito-task/internal/database/database.go:112.2,115.16 2 0
github.com/imotkin/avito-task/internal/database/database.go:115.16,117.3 1 0
github.com/imotkin/avito-task/internal/database/database.go:119.2,122.16 2 0
github.com/imotkin/avito-task/internal/database/database.go:122.16,124.3 1 0
github.com/imotkin/avito-task/internal/database/database.go:126.2,129.16 2 0
github.com/imotkin/avito-task/internal/database/database.go:129.16,131.3 1 0
github.com/imotkin/avito-task/internal/database/database.go:133.2,134.16 2 0
github.com/imotkin/avito-task/internal/database/database.go:134.16,136.3 1 0
github.com/imotkin/avito-task/internal/database/database.go:138.2,138.12 1 0
github.com/imotkin/avito-task/internal/database/database.go:141.92,171.16 4 0
github.com/imotkin/avito-task/internal/database/database.go:171.16,173.3 1 0
github.com/imotkin/avito-task/internal/database/database.go:175.2,175.19 1 0
github.com/imotkin/avito-task/internal/database/database.go:178.93,190.16 5 0
github.com/imotkin/avito-task/internal/database/database.go:190.16,192.3 1 0
github.com/imotkin/avito-task/internal/database/database.go:194.2,194.16 1 0
github.com/imotkin/avito-task/internal/database/database.go:197.99,211.16 4 0
github.com/imotkin/avito-task/internal/database/database.go:211.16,212.36 1 0
github.com/imotkin/avito-task/internal/database/database.go:212.36,214.4 1 0
github.com/imotkin/avito-task/internal/database/database.go:216.3,216.61 1 0
github.com/imotkin/avito-task/internal/database/database.go:219.2,221.23 2 0
github.com/imotkin/avito-task/internal/database/database.go:221.23,223.3 1 0
github.com/imotkin/avito-task/internal/database/database.go:225.2,225.22 1 0
github.com/imotkin/avito-task/internal/database/database.go:228.87,239.16 4 0
github.com/imotkin/avito-task/internal/database/database.go:239.16,241.3 1 0
github.com/imotkin/avito-task/internal/database/database.go:243.2,243.16 1 0
github.com/imotkin/avito-task/internal/auth/auth.go:37.75,39.2 1 1
github.com/imotkin/avito-task/internal/auth/auth.go:41.43,43.2 1 1
github.com/imotkin/avito-task/internal/auth/auth.go:45.74,51.16 2 1
github.com/imotkin/avito-task/internal/auth/auth.go:51.16,53.3 1 0
github.com/imotkin/avito-task/internal/auth/auth.go:55.2,55.27 1 1
github.com/imotkin/avito-task/internal/auth/auth.go:58.66,60.36 2 1
github.com/imotkin/avito-task/internal/auth/auth.go:60.36,62.3 1 1
github.com/imotkin/avito-task/internal/auth/auth.go:64.2,65.9 2 1
github.com/imotkin/avito-task/internal/auth/auth.go:65.9,67.3 1 1
github.com/imotkin/avito-task/internal/auth/auth.go:69.2,70.16 2 1
github.com/imotkin/avito-task/internal/auth/auth.go:70.16,72.3 1 1
github.com/imotkin/avito-task/internal/auth/auth.go:74.2,74.16 1 1
github.com/imotkin/avito-task/internal/migrations/migrations.go:10.27,12.16 2 0
github.com/imotkin/avito-task/internal/migrations/migrations.go:12.16,14.3 1 0
github.com/imotkin/avito-task/internal/migrations/migrations.go:16.2,17.16 2 0
github.com/imotkin/avito-task/internal/migrations/migrations.go:17.16,19.3 1 0
github.com/imotkin/avito-task/internal/migrations/migrations.go:21.2,21.12 1 0
github.com/imotkin/avito-task/internal/migrations/migrations.go:24.29,26.16 2 0
github.com/imotkin/avito-task/internal/migrations/migrations.go:26.16,28.3 1 0
github.com/imotkin/avito-task/internal/migrations/migrations.go:30.2,31.16 2 0
github.com/imotkin/avito-task/internal/migrations/migrations.go:31.16,33.3 1 0
github.com/imotkin/avito-task/internal/migrations/migrations.go:35.2,35.12 1 0
github.com/imotkin/avito-task/internal/myerrors/errors.go:24.30,25.27 1 1
github.com/imotkin/avito-task/internal/myerrors/errors.go:26.14,27.35 1 1
github.com/imotkin/avito-task/internal/myerrors/errors.go:28.13,29.43 1 1
github.com/imotkin/avito-task/internal/myerrors/errors.go:30.10,31.22 1 1
github.com/imotkin/avito-task/internal/myerrors/errors.go:35.78,38.2 2 1
github.com/imotkin/avito-task/internal/shop/handlers.go:20.69,24.16 3 1
github.com/imotkin/avito-task/internal/shop/handlers.go:24.16,27.3 2 1
github.com/imotkin/avito-task/internal/shop/handlers.go:29.2,29.25 1 1
github.com/imotkin/avito-task/internal/shop/handlers.go:29.25,32.3 2 1
github.com/imotkin/avito-task/internal/shop/handlers.go:34.2,34.25 1 1
github.com/imotkin/avito-task/internal/shop/handlers.go:34.25,37.3 2 1
github.com/imotkin/avito-task/internal/shop/handlers.go:39.2,43.16 4 1
github.com/imotkin/avito-task/internal/shop/handlers.go:43.16,44.44 1 1
github.com/imotkin/avito-task/internal/shop/handlers.go:44.44,47.4 2 1
github.com/imotkin/avito-task/internal/shop/handlers.go:49.3,50.9 2 0
github.com/imotkin/avito-task/internal/shop/handlers.go:53.2,53.9 1 1
github.com/imotkin/avito-task/internal/shop/handlers.go:53.9,55.17 2 1
github.com/imotkin/avito-task/internal/shop/handlers.go:55.17,58.4 2 0
github.com/imotkin/avito-task/internal/shop/handlers.go:60.2,64.16 4 1
github.com/imotkin/avito-task/internal/shop/handlers.go:64.16,67.3 2 0
github.com/imotkin/avito-task/internal/shop/handlers.go:69.2,70.26 2 1
github.com/imotkin/avito-task/internal/shop/handlers.go:73.68,75.16 2 1
github.com/imotkin/avito-task/internal/shop/handlers.go:75.16,78.3 2 1
github.com/imotkin/avito-task/internal/shop/handlers.go:80.2,84.16 4 0
github.com/imotkin/avito-task/internal/shop/handlers.go:84.16,87.3 2 0
github.com/imotkin/avito-task/internal/shop/handlers.go:89.2,90.25 2 0
github.com/imotkin/avito-task/internal/shop/handlers.go:93.70,96.16 2 0
github.com/imotkin/avito-task/internal/shop/handlers.go:96.16,99.3 2 0
github.com/imotkin/avito-task/internal/shop/handlers.go:101.2,101.22 1 0
github.com/imotkin/avito-task/internal/shop/handlers.go:101.22,104.3 2 0
github.com/imotkin/avito-task/internal/shop/handlers.go:106.2,107.16 2 0
github.com/imotkin/avito-task/internal/shop/handlers.go:107.16,110.3 2 0
github.com/imotkin/avito-task/internal/shop/handlers.go:112.2,116.16 4 0
github.com/imotkin/avito-task/internal/shop/handlers.go:116.16,119.3 2 0
github.com/imotkin/avito-task/internal/shop/handlers.go:121.2,121.33 1 0
github.com/imotkin/avito-task/internal/shop/handlers.go:124.68,126.16 2 0
github.com/imotkin/avito-task/internal/shop/handlers.go:126.16,129.3 2 0
github.com/imotkin/avito-task/internal/shop/handlers.go:131.2,134.16 3 0
github.com/imotkin/avito-task/internal/shop/handlers.go:134.16,137.3 2 0
github.com/imotkin/avito-task/internal/shop/handlers.go:139.2,140.16 2 0
github.com/imotkin/avito-task/internal/shop/handlers.go:140.16,143.3 2 0
github.com/imotkin/avito-task/internal/shop/handlers.go:145.2,149.23 4 0
github.com/imotkin/avito-task/internal/shop/handlers.go:149.23,152.3 2 0
github.com/imotkin/avito-task/internal/shop/handlers.go:154.2,159.16 2 0
github.com/imotkin/avito-task/internal/shop/handlers.go:159.16,160.39 1 0
github.com/imotkin/avito-task/internal/shop/handlers.go:160.39,163.4 2 0
github.com/imotkin/avito-task/internal/shop/handlers.go:165.3,166.9 2 0
github.com/imotkin/avito-task/internal/shop/handlers.go:169.2,169.33 1 0
github.com/imotkin/avito-task/internal/shop/products.go:33.13,35.29 2 1
github.com/imotkin/avito-task/internal/shop/products.go:35.29,37.3 1 1
github.com/imotkin/avito-task/internal/shop/products.go:40.37,43.2 2 1
github.com/imotkin/avito-task/internal/shop/shop.go:19.86,21.2 1 1
github.com/imotkin/avito-task/internal/shop/shop.go:53.33,54.9 1 1
github.com/imotkin/avito-task/internal/shop/shop.go:55.30,56.29 1 1
github.com/imotkin/avito-task/internal/shop/shop.go:57.21,58.26 1 1
github.com/imotkin/avito-task/internal/shop/shop.go:59.28,60.29 1 1
github.com/imotkin/avito-task/internal/shop/shop.go:61.10,62.13 1 1
